[debug] [2025-04-23T14:53:45.381Z] ----------------------------------------------------------------------
[debug] [2025-04-23T14:53:45.388Z] Command:       C:\Program Files\nodejs\node.exe C:\Users\el_ji\AppData\Roaming\npm\node_modules\firebase-tools\lib\bin\firebase.js init functions
[debug] [2025-04-23T14:53:45.389Z] CLI Version:   14.2.0
[debug] [2025-04-23T14:53:45.390Z] Platform:      win32
[debug] [2025-04-23T14:53:45.390Z] Node Version:  v22.15.0
[debug] [2025-04-23T14:53:45.391Z] Time:          Wed Apr 23 2025 16:53:45 GMT+0200 (hora de verano de Europa central)
[debug] [2025-04-23T14:53:45.391Z] ----------------------------------------------------------------------
[debug] 
[debug] [2025-04-23T14:53:45.410Z] > command requires scopes: ["email","openid","https://www.googleapis.com/auth/cloudplatformprojects.readonly","https://www.googleapis.com/auth/firebase","https://www.googleapis.com/auth/cloud-platform"]
[debug] [2025-04-23T14:53:45.411Z] > authorizing via signed-in user (karinacodecompetent@gmail.com)
[info] 
     ######## #### ########  ######## ########     ###     ######  ########
     ##        ##  ##     ## ##       ##     ##  ##   ##  ##       ##
     ######    ##  ########  ######   ########  #########  ######  ######
     ##        ##  ##    ##  ##       ##     ## ##     ##       ## ##
     ##       #### ##     ## ######## ########  ##     ##  ######  ########

You're about to initialize a Firebase project in this directory:

  C:\AndroidStudioDAM2\ProyectoDAMSegundo\NeoFichaje\funciones

Before we get started, keep in mind:

  * You are currently outside your home directory

[info] 
=== Project Setup
[info] 
[info] First, let's associate this project directory with a Firebase project.
[info] You can create multiple project aliases by running firebase use --add, 
[info] but for now we'll just set up a default project.
[info] 
